==8090== Memcheck, a memory error detector
==8090== Copyright (C) 2002-2017, and GNU GPL'd, by Julian Seward et al.
==8090== Using Valgrind-3.13.0 and LibVEX; rerun with -h for copyright info
==8090== Command: ./simplesh
==8090== 
--8090-- Valgrind options:
--8090--    --leak-check=full
--8090--    --show-leak-kinds=all
--8090--    --suppressions=libreadline.supp
--8090--    --trace-children=no
--8090--    --child-silent-after-fork=yes
--8090--    -v
--8090-- Contents of /proc/version:
--8090--   Linux version 4.15.0-33-generic (buildd@lcy01-amd64-024) (gcc version 7.3.0 (Ubuntu 7.3.0-16ubuntu3)) #36-Ubuntu SMP Wed Aug 15 16:00:05 UTC 2018
--8090-- 
--8090-- Arch and hwcaps: AMD64, LittleEndian, amd64-cx16-lzcnt-rdtscp-sse3
--8090-- Page sizes: currently 4096, max supported 4096
--8090-- Valgrind library directory: /usr/lib/valgrind
--8090-- Reading syms from /home/alumno/simplesh/simplesh
--8090-- Reading syms from /lib/x86_64-linux-gnu/ld-2.27.so
--8090--   Considering /lib/x86_64-linux-gnu/ld-2.27.so ..
--8090--   .. CRC mismatch (computed 1b7c895e wanted 2943108a)
--8090--   Considering /usr/lib/debug/lib/x86_64-linux-gnu/ld-2.27.so ..
--8090--   .. CRC is valid
--8090-- Reading syms from /usr/lib/valgrind/memcheck-amd64-linux
--8090--   Considering /usr/lib/valgrind/memcheck-amd64-linux ..
--8090--   .. CRC mismatch (computed 62965bbf wanted eeb84137)
--8090--   Considering /usr/lib/debug/usr/lib/valgrind/memcheck-amd64-linux ..
--8090--   .. CRC is valid
--8090--    object doesn't have a dynamic symbol table
--8090-- Scheduler: using generic scheduler lock implementation.
--8090-- Reading suppressions file: libreadline.supp
--8090-- Reading suppressions file: /usr/lib/valgrind/default.supp
==8090== embedded gdbserver: reading from /tmp/vgdb-pipe-from-vgdb-to-8090-by-alumno-on-???
==8090== embedded gdbserver: writing to   /tmp/vgdb-pipe-to-vgdb-from-8090-by-alumno-on-???
==8090== embedded gdbserver: shared mem   /tmp/vgdb-pipe-shared-mem-vgdb-8090-by-alumno-on-???
==8090== 
==8090== TO CONTROL THIS PROCESS USING vgdb (which you probably
==8090== don't want to do, unless you know exactly what you're doing,
==8090== or are doing some strange experiment):
==8090==   /usr/lib/valgrind/../../bin/vgdb --pid=8090 ...command...
==8090== 
==8090== TO DEBUG THIS PROCESS USING GDB: start GDB like this
==8090==   /path/to/gdb ./simplesh
==8090== and then give GDB the following command
==8090==   target remote | /usr/lib/valgrind/../../bin/vgdb --pid=8090
==8090== --pid is optional if only one valgrind process is running
==8090== 
--8090-- REDIR: 0x401f2f0 (ld-linux-x86-64.so.2:strlen) redirected to 0x58060901 (vgPlain_amd64_linux_REDIR_FOR_strlen)
--8090-- REDIR: 0x401f0d0 (ld-linux-x86-64.so.2:index) redirected to 0x5806091b (vgPlain_amd64_linux_REDIR_FOR_index)
--8090-- Reading syms from /usr/lib/valgrind/vgpreload_core-amd64-linux.so
--8090--   Considering /usr/lib/valgrind/vgpreload_core-amd64-linux.so ..
--8090--   .. CRC mismatch (computed 13d5e98a wanted 1786ecf1)
--8090--   Considering /usr/lib/debug/usr/lib/valgrind/vgpreload_core-amd64-linux.so ..
--8090--   .. CRC is valid
--8090-- Reading syms from /usr/lib/valgrind/vgpreload_memcheck-amd64-linux.so
--8090--   Considering /usr/lib/valgrind/vgpreload_memcheck-amd64-linux.so ..
--8090--   .. CRC mismatch (computed 8f77ef36 wanted fcbde737)
--8090--   Considering /usr/lib/debug/usr/lib/valgrind/vgpreload_memcheck-amd64-linux.so ..
--8090--   .. CRC is valid
==8090== WARNING: new redirection conflicts with existing -- ignoring it
--8090--     old: 0x0401f2f0 (strlen              ) R-> (0000.0) 0x58060901 vgPlain_amd64_linux_REDIR_FOR_strlen
--8090--     new: 0x0401f2f0 (strlen              ) R-> (2007.0) 0x04c32db0 strlen
--8090-- REDIR: 0x401d360 (ld-linux-x86-64.so.2:strcmp) redirected to 0x4c33ee0 (strcmp)
--8090-- REDIR: 0x401f830 (ld-linux-x86-64.so.2:mempcpy) redirected to 0x4c374f0 (mempcpy)
--8090-- Reading syms from /lib/x86_64-linux-gnu/libreadline.so.7.0
--8090--    object doesn't have a symbol table
--8090-- Reading syms from /lib/x86_64-linux-gnu/libc-2.27.so
--8090--   Considering /lib/x86_64-linux-gnu/libc-2.27.so ..
--8090--   .. CRC mismatch (computed b1c74187 wanted 042cc048)
--8090--   Considering /usr/lib/debug/lib/x86_64-linux-gnu/libc-2.27.so ..
--8090--   .. CRC is valid
--8090-- Reading syms from /lib/x86_64-linux-gnu/libtinfo.so.5.9
--8090--    object doesn't have a symbol table
--8090-- REDIR: 0x5123c70 (libc.so.6:memmove) redirected to 0x4a2a6e0 (_vgnU_ifunc_wrapper)
--8090-- REDIR: 0x5122d40 (libc.so.6:strncpy) redirected to 0x4a2a6e0 (_vgnU_ifunc_wrapper)
--8090-- REDIR: 0x5123f50 (libc.so.6:strcasecmp) redirected to 0x4a2a6e0 (_vgnU_ifunc_wrapper)
--8090-- REDIR: 0x5122790 (libc.so.6:strcat) redirected to 0x4a2a6e0 (_vgnU_ifunc_wrapper)
--8090-- REDIR: 0x5122d70 (libc.so.6:rindex) redirected to 0x4a2a6e0 (_vgnU_ifunc_wrapper)
--8090-- REDIR: 0x51257c0 (libc.so.6:rawmemchr) redirected to 0x4a2a6e0 (_vgnU_ifunc_wrapper)
--8090-- REDIR: 0x5123de0 (libc.so.6:mempcpy) redirected to 0x4a2a6e0 (_vgnU_ifunc_wrapper)
--8090-- REDIR: 0x5123c10 (libc.so.6:bcmp) redirected to 0x4a2a6e0 (_vgnU_ifunc_wrapper)
--8090-- REDIR: 0x5122d00 (libc.so.6:strncmp) redirected to 0x4a2a6e0 (_vgnU_ifunc_wrapper)
--8090-- REDIR: 0x5122800 (libc.so.6:strcmp) redirected to 0x4a2a6e0 (_vgnU_ifunc_wrapper)
--8090-- REDIR: 0x5123d40 (libc.so.6:memset) redirected to 0x4a2a6e0 (_vgnU_ifunc_wrapper)
--8090-- REDIR: 0x51410f0 (libc.so.6:wcschr) redirected to 0x4a2a6e0 (_vgnU_ifunc_wrapper)
--8090-- REDIR: 0x5122ca0 (libc.so.6:strnlen) redirected to 0x4a2a6e0 (_vgnU_ifunc_wrapper)
--8090-- REDIR: 0x5122870 (libc.so.6:strcspn) redirected to 0x4a2a6e0 (_vgnU_ifunc_wrapper)
--8090-- REDIR: 0x5123fa0 (libc.so.6:strncasecmp) redirected to 0x4a2a6e0 (_vgnU_ifunc_wrapper)
--8090-- REDIR: 0x5122840 (libc.so.6:strcpy) redirected to 0x4a2a6e0 (_vgnU_ifunc_wrapper)
--8090-- REDIR: 0x51240e0 (libc.so.6:memcpy@@GLIBC_2.14) redirected to 0x4a2a6e0 (_vgnU_ifunc_wrapper)
--8090-- REDIR: 0x5122da0 (libc.so.6:strpbrk) redirected to 0x4a2a6e0 (_vgnU_ifunc_wrapper)
--8090-- REDIR: 0x51227c0 (libc.so.6:index) redirected to 0x4a2a6e0 (_vgnU_ifunc_wrapper)
--8090-- REDIR: 0x5122c70 (libc.so.6:strlen) redirected to 0x4a2a6e0 (_vgnU_ifunc_wrapper)
--8090-- REDIR: 0x512d6c0 (libc.so.6:memrchr) redirected to 0x4a2a6e0 (_vgnU_ifunc_wrapper)
--8090-- REDIR: 0x5123ff0 (libc.so.6:strcasecmp_l) redirected to 0x4a2a6e0 (_vgnU_ifunc_wrapper)
--8090-- REDIR: 0x5123be0 (libc.so.6:memchr) redirected to 0x4a2a6e0 (_vgnU_ifunc_wrapper)
--8090-- REDIR: 0x5141eb0 (libc.so.6:wcslen) redirected to 0x4a2a6e0 (_vgnU_ifunc_wrapper)
--8090-- REDIR: 0x5123050 (libc.so.6:strspn) redirected to 0x4a2a6e0 (_vgnU_ifunc_wrapper)
--8090-- REDIR: 0x5123f20 (libc.so.6:stpncpy) redirected to 0x4a2a6e0 (_vgnU_ifunc_wrapper)
--8090-- REDIR: 0x5123ef0 (libc.so.6:stpcpy) redirected to 0x4a2a6e0 (_vgnU_ifunc_wrapper)
--8090-- REDIR: 0x51257f0 (libc.so.6:strchrnul) redirected to 0x4a2a6e0 (_vgnU_ifunc_wrapper)
--8090-- REDIR: 0x5124040 (libc.so.6:strncasecmp_l) redirected to 0x4a2a6e0 (_vgnU_ifunc_wrapper)
--8090-- REDIR: 0x5122cd0 (libc.so.6:strncat) redirected to 0x4a2a6e0 (_vgnU_ifunc_wrapper)
--8090-- REDIR: 0x51b68a0 (libc.so.6:__memcpy_chk) redirected to 0x4a2a6e0 (_vgnU_ifunc_wrapper)
--8090-- REDIR: 0x5123b20 (libc.so.6:strstr) redirected to 0x4a2a6e0 (_vgnU_ifunc_wrapper)
--8090-- REDIR: 0x5136330 (libc.so.6:__strrchr_sse2) redirected to 0x4c32790 (__strrchr_sse2)
--8090-- REDIR: 0x5136620 (libc.so.6:__strlen_sse2) redirected to 0x4c32d30 (__strlen_sse2)
--8090-- REDIR: 0x511c070 (libc.so.6:malloc) redirected to 0x4c2faa0 (malloc)
--8090-- REDIR: 0x5123590 (libc.so.6:__GI_strstr) redirected to 0x4c37760 (__strstr_sse2)
--8090-- REDIR: 0x5130970 (libc.so.6:__memchr_sse2) redirected to 0x4c33f80 (memchr)
--8090-- REDIR: 0x5140460 (libc.so.6:memcpy@GLIBC_2.2.5) redirected to 0x4c34060 (memcpy@GLIBC_2.2.5)
--8090-- REDIR: 0x5136120 (libc.so.6:__strchrnul_sse2) redirected to 0x4c37020 (strchrnul)
--8090-- REDIR: 0x5140440 (libc.so.6:__mempcpy_sse2_unaligned) redirected to 0x4c37130 (mempcpy)
--8090-- REDIR: 0x520d0a0 (libc.so.6:__strncasecmp_sse42) redirected to 0x4c336d0 (strncasecmp)
--8090-- REDIR: 0x511c950 (libc.so.6:free) redirected to 0x4c30cd0 (free)
--8090-- REDIR: 0x512ee70 (libc.so.6:__strcmp_sse2_unaligned) redirected to 0x4c33da0 (strcmp)
--8090-- REDIR: 0x513cb50 (libc.so.6:__stpcpy_sse2_unaligned) redirected to 0x4c36200 (__stpcpy_sse2_unaligned)
--8090-- REDIR: 0x511f030 (libc.so.6:calloc) redirected to 0x4c31a70 (calloc)
--8090-- Reading syms from /lib/x86_64-linux-gnu/libnss_compat-2.27.so
--8090--   Considering /lib/x86_64-linux-gnu/libnss_compat-2.27.so ..
--8090--   .. CRC mismatch (computed afe25112 wanted 3a92b55b)
--8090--   Considering /usr/lib/debug/lib/x86_64-linux-gnu/libnss_compat-2.27.so ..
--8090--   .. CRC is valid
--8090-- REDIR: 0x513b540 (libc.so.6:__strcpy_sse2_unaligned) redirected to 0x4c32dd0 (strcpy)
--8090-- Reading syms from /lib/x86_64-linux-gnu/libnss_nis-2.27.so
--8090--   Considering /lib/x86_64-linux-gnu/libnss_nis-2.27.so ..
--8090--   .. CRC mismatch (computed 310534dc wanted 22d60ee8)
--8090--   Considering /usr/lib/debug/lib/x86_64-linux-gnu/libnss_nis-2.27.so ..
--8090--   .. CRC is valid
--8090-- Reading syms from /lib/x86_64-linux-gnu/libnsl-2.27.so
--8090--   Considering /lib/x86_64-linux-gnu/libnsl-2.27.so ..
--8090--   .. CRC mismatch (computed 5dfb2e24 wanted a9b787f5)
--8090--   Considering /usr/lib/debug/lib/x86_64-linux-gnu/libnsl-2.27.so ..
--8090--   .. CRC is valid
--8090-- Reading syms from /lib/x86_64-linux-gnu/libnss_files-2.27.so
--8090--   Considering /lib/x86_64-linux-gnu/libnss_files-2.27.so ..
--8090--   .. CRC mismatch (computed 5cdb0f74 wanted 1b4e69e7)
--8090--   Considering /usr/lib/debug/lib/x86_64-linux-gnu/libnss_files-2.27.so ..
--8090--   .. CRC is valid
--8090-- REDIR: 0x5135f00 (libc.so.6:__strchr_sse2) redirected to 0x4c328d0 (__strchr_sse2)
--8090-- REDIR: 0x520a510 (libc.so.6:__strncmp_sse42) redirected to 0x4c33570 (__strncmp_sse42)
--8090-- REDIR: 0x51367c0 (libc.so.6:__strnlen_sse2) redirected to 0x4c32c90 (strnlen)
--8090-- REDIR: 0x5140450 (libc.so.6:__memcpy_chk_sse2_unaligned) redirected to 0x4c375e0 (__memcpy_chk)
--8090-- REDIR: 0x511dc30 (libc.so.6:realloc) redirected to 0x4c31cb0 (realloc)
--8090-- REDIR: 0x513bb70 (libc.so.6:__strncpy_sse2_unaligned) redirected to 0x4c332e0 (__strncpy_sse2_unaligned)
--8090-- REDIR: 0x50c7c50 (libc.so.6:setenv) redirected to 0x4c37de0 (setenv)
--8090-- REDIR: 0x520b4f0 (libc.so.6:__strcasecmp_sse42) redirected to 0x4c335f0 (strcasecmp)
--8090-- REDIR: 0x5140870 (libc.so.6:__memset_sse2_unaligned) redirected to 0x4c365d0 (memset)
--8090-- REDIR: 0x5214fc0 (libc.so.6:__memcmp_sse4_1) redirected to 0x4c35d50 (__memcmp_sse4_1)
==8090== 
==8090== Process terminating with default action of signal 2 (SIGINT)
==8090==    at 0x50C4187: kill (syscall-template.S:78)
==8090==    by 0x4E65D3A: ??? (in /lib/x86_64-linux-gnu/libreadline.so.7.0)
==8090==    by 0x4E68096: rl_getc (in /lib/x86_64-linux-gnu/libreadline.so.7.0)
==8090==    by 0x4E6886D: rl_read_key (in /lib/x86_64-linux-gnu/libreadline.so.7.0)
==8090==    by 0x4E50744: readline_internal_char (in /lib/x86_64-linux-gnu/libreadline.so.7.0)
==8090==    by 0x4E50F24: readline (in /lib/x86_64-linux-gnu/libreadline.so.7.0)
==8090==    by 0x10B4D0: get_cmd (simplesh.c:1101)
==8090==    by 0x10B6BD: main (simplesh.c:1159)
--8090-- Discarding syms at 0x5aa12a0-0x5aa71c4 in /lib/x86_64-linux-gnu/libnss_compat-2.27.so due to munmap()
--8090-- Discarding syms at 0x5cac070-0x5cb30d9 in /lib/x86_64-linux-gnu/libnss_nis-2.27.so due to munmap()
--8090-- Discarding syms at 0x5eba090-0x5ec7807 in /lib/x86_64-linux-gnu/libnsl-2.27.so due to munmap()
--8090-- Discarding syms at 0x60d2350-0x60d8d7f in /lib/x86_64-linux-gnu/libnss_files-2.27.so due to munmap()
==8090== 
==8090== HEAP SUMMARY:
==8090==     in use at exit: 134,346 bytes in 195 blocks
==8090==   total heap usage: 386 allocs, 191 frees, 168,956 bytes allocated
==8090== 
==8090== Searching for pointers to 195 not-freed blocks
==8090== Checked 171,024 bytes
==8090== 
==8090== LEAK SUMMARY:
==8090==    definitely lost: 0 bytes in 0 blocks
==8090==    indirectly lost: 0 bytes in 0 blocks
==8090==      possibly lost: 0 bytes in 0 blocks
==8090==    still reachable: 0 bytes in 0 blocks
==8090==         suppressed: 134,346 bytes in 195 blocks
==8090== 
==8090== ERROR SUMMARY: 0 errors from 0 contexts (suppressed: 0 from 0)
--8090-- 
--8090-- used_suppression:     45 libreadline libreadline.supp:2 suppressed: 134,346 bytes in 195 blocks
==8090== 
==8090== ERROR SUMMARY: 0 errors from 0 contexts (suppressed: 0 from 0)
